[debug] [2022-06-21T11:22:28.177Z] ----------------------------------------------------------------------
[debug] [2022-06-21T11:22:28.179Z] Command:       C:\Program Files\nodejs\node.exe C:\Users\kaush\AppData\Roaming\npm\node_modules\firebase-tools\lib\bin\firebase.js init
[debug] [2022-06-21T11:22:28.180Z] CLI Version:   11.1.0
[debug] [2022-06-21T11:22:28.180Z] Platform:      win32
[debug] [2022-06-21T11:22:28.180Z] Node Version:  v16.14.2
[debug] [2022-06-21T11:22:28.181Z] Time:          Tue Jun 21 2022 16:52:28 GMT+0530 (India Standard Time)
[debug] [2022-06-21T11:22:28.182Z] ----------------------------------------------------------------------
[debug] 
[debug] [2022-06-21T11:22:28.244Z] > command requires scopes: ["email","openid","https://www.googleapis.com/auth/cloudplatformprojects.readonly","https://www.googleapis.com/auth/firebase","https://www.googleapis.com/auth/cloud-platform"]
[debug] [2022-06-21T11:22:28.245Z] > authorizing via signed-in user (kaushikaditya90@gmail.com)
[info] 
     ######## #### ########  ######## ########     ###     ######  ########
     ##        ##  ##     ## ##       ##     ##  ##   ##  ##       ##
     ######    ##  ########  ######   ########  #########  ######  ######
     ##        ##  ##    ##  ##       ##     ## ##     ##       ## ##
     ##       #### ##     ## ######## ########  ##     ##  ######  ########

You're about to initialize a Firebase project in this directory:

  B:\final-cart\final-cart

Before we get started, keep in mind:

  * You are initializing within an existing Firebase project directory

